GEMMA 4 12B lever probe (low-rank? outlier? flat?) -- data-free
  low-rank lever if top10%SV >> 0.6 | outlier lever if top0.1% >> 0.10 | else only allocation

layer 3:
  gate_proj           : SVenergy top10%=0.41 top25%=0.62 | outlier top0.1%=0.030 top0.01%=0.006 | kurt=+1.88 range=4oct
  up_proj             : SVenergy top10%=0.29 top25%=0.52 | outlier top0.1%=0.034 top0.01%=0.007 | kurt=+2.18 range=4oct
  down_proj           : SVenergy top10%=0.31 top25%=0.54 | outlier top0.1%=0.034 top0.01%=0.008 | kurt=+2.00 range=4oct
  q_proj              : SVenergy top10%=0.49 top25%=0.75 | outlier top0.1%=0.040 top0.01%=0.009 | kurt=+2.60 range=4oct
  o_proj              : SVenergy top10%=0.45 top25%=0.72 | outlier top0.1%=0.026 top0.01%=0.004 | kurt=+1.70 range=4oct
layer 24:
  gate_proj           : SVenergy top10%=0.30 top25%=0.53 | outlier top0.1%=0.023 top0.01%=0.005 | kurt=+0.93 range=4oct
  up_proj             : SVenergy top10%=0.26 top25%=0.49 | outlier top0.1%=0.018 top0.01%=0.004 | kurt=+0.50 range=4oct
  down_proj           : SVenergy top10%=0.29 top25%=0.52 | outlier top0.1%=0.026 top0.01%=0.007 | kurt=+1.11 range=4oct
  q_proj              : SVenergy top10%=0.50 top25%=0.76 | outlier top0.1%=0.038 top0.01%=0.008 | kurt=+2.65 range=4oct
  o_proj              : SVenergy top10%=0.41 top25%=0.69 | outlier top0.1%=0.041 top0.01%=0.008 | kurt=+2.69 range=4oct
layer 44:
  gate_proj           : SVenergy top10%=0.28 top25%=0.50 | outlier top0.1%=0.024 top0.01%=0.005 | kurt=+0.79 range=4oct
  up_proj             : SVenergy top10%=0.22 top25%=0.46 | outlier top0.1%=0.015 top0.01%=0.003 | kurt=+0.14 range=4oct
  down_proj           : SVenergy top10%=0.22 top25%=0.46 | outlier top0.1%=0.016 top0.01%=0.003 | kurt=+0.26 range=4oct
  q_proj              : SVenergy top10%=0.42 top25%=0.69 | outlier top0.1%=0.030 top0.01%=0.007 | kurt=+1.62 range=4oct
  o_proj              : SVenergy top10%=0.38 top25%=0.67 | outlier top0.1%=0.021 top0.01%=0.004 | kurt=+0.68 range=4oct

=== ROTATION-LENS DATA-FREE PROBES (rot_probe, minutes) ===
[L1 weight-recon saturation] trellis hits rel-MSE=0.0680=D(R=2) on EVERY dense MLP tensor
   (dense_axiom.log). Global input rotation CANNOT lower it. Weight-MSE rotation lever = DEAD.
[L1 cross-group coherence] per-group-128 Hadamard flattens colnorm dispersion as well as a GLOBAL
   Hadamard: down_proj disp orig 2.5 -> perGroup 1.4 ~= global 1.5; cv perGroup 0.02-0.05 ~= global.
   => QuaRot-style global rotation buys ~nothing over the trellis's existing per-group rotation. DEAD.
[L2 gate/up SHARED INPUT] gate_proj & up_proj read a SHARED input subspace: canonical corr top5=0.98+,
   mean64=0.54-0.71 vs random 0.11 (ratio 4.8-6.3x, all 48 layers). This is the ONE surviving rotation
   lever: gate/up redundantly read the same low-dim residual directions; per-matrix scalar trellis is
   blind to it. Exact, function-preserving, data-free. -> Strategy: joint gate/up factorization or
   shared-basis coding, NOT a global orthogonal rotation.
